(.venv) D:\D-Jobs\ae-B6\TikTok-Beta\servers\kaggle-client-execution>local-server.cmd
================================================================
          KAGLE CLIENT EXECUTION - LOCAL SERVER
================================================================

[ENV] Đang kích hoạt môi trường ảo .venv tại thư mục gốc...

[SETUP] Đang kiểm tra các thư viện cần thiết...
[SETUP] Tất cả các thư viện fastapi, uvicorn, websockets, python-dotenv đã sẵn sàng.

[RUN] Đang khởi chạy Local Server...
================================================================
02:23:13 [INFO] 🚀 Khởi động Local FastAPI Server tại http://127.0.0.1:8000
INFO:     Will watch for changes in these directories: ['D:\\D-Jobs\\ae-B6\\TikTok-Beta\\servers\\kaggle-client-execution\\src\\local-server']
INFO:     Uvicorn running on http://127.0.0.1:8000 (Press CTRL+C to quit)
INFO:     Started reloader process [22188] using StatReload
INFO:     Started server process [7960]
INFO:     Waiting for application startup.
02:23:14 [INFO] 🔗 [CONNECTION] Đang kết nối tới Remote Server: wss://b6-remote-server-kaggle-2026.onrender.com/ws/local/karina-pc?token=b6-remote-server-kaggle-2026
INFO:     Application startup complete.
02:23:15 [INFO] ✅ [CONNECTION] Đã kết nối thành công đến Remote Server!
02:23:15 [INFO] 📤 [CONNECTION] Đã gửi bản tin đăng ký (hello) lên Remote Server.
02:23:15 [INFO] 📥 [RECEIVER] Sẵn sàng nhận tin nhắn từ Remote Server...
02:23:15 [INFO] [PING] Khởi động chu kỳ kiểm tra kết nối (Ping): 8000 ms (8.0s)
02:23:23 [INFO] 🟢 [PING] Kết nối Remote Server ổn định. Độ trễ (RTT): 82.02 ms
INFO:     Shutting down
INFO:     Waiting for application shutdown.
02:23:29 [INFO] ⏹️ Local Server đã dừng.
INFO:     Application shutdown complete.
INFO:     Finished server process [7960]
INFO:     Stopping reloader process [22188]
Terminate batch job (Y/N)? Y

(.venv) D:\D-Jobs\ae-B6\TikTok-Beta\servers\kaggle-client-execution\src\local-server>cd ../..

(.venv) D:\D-Jobs\ae-B6\TikTok-Beta\servers\kaggle-client-execution>local-server.cmd
================================================================
          KAGLE CLIENT EXECUTION - LOCAL SERVER
================================================================

[ENV] Đang kích hoạt môi trường ảo .venv tại thư mục gốc...

[SETUP] Đang kiểm tra các thư viện cần thiết...
[SETUP] Tất cả các thư viện fastapi, uvicorn, websockets, python-dotenv đã sẵn sàng.

[RUN] Đang khởi chạy Local Server...
================================================================
02:33:36 [INFO] 🚀 Khởi động Local FastAPI Server tại http://127.0.0.1:8000
INFO:     Will watch for changes in these directories: ['D:\\D-Jobs\\ae-B6\\TikTok-Beta\\servers\\kaggle-client-execution\\src\\local-server']
INFO:     Uvicorn running on http://127.0.0.1:8000 (Press CTRL+C to quit)
INFO:     Started reloader process [348] using StatReload
INFO:     Started server process [12892]
INFO:     Waiting for application startup.
02:33:37 [INFO] 🔗 [CONNECTION] Đang kết nối tới Remote Server: wss://b6-remote-server-kaggle-2026.onrender.com/ws/local/karina-pc?token=b6-remote-server-kaggle-2026
INFO:     Application startup complete.
02:33:38 [INFO] ✅ [CONNECTION] Đã kết nối thành công đến Remote Server!
02:33:38 [INFO] 📤 [CONNECTION] Đã gửi bản tin đăng ký (hello) lên Remote Server.
02:33:38 [INFO] 📥 [RECEIVER] Sẵn sàng nhận tin nhắn từ Remote Server...
02:33:38 [INFO] [PING] Khởi động chu kỳ kiểm tra kết nối (Ping): 8000 ms (8.0s)
02:33:46 [INFO] 🟢 [PING] Kết nối Remote Server ổn định. Độ trễ (RTT): 82.95 ms
02:33:54 [INFO] 🟢 [PING] Kết nối Remote Server ổn định. Độ trễ (RTT): 85.44 ms
02:34:02 [INFO] 🟢 [PING] Kết nối Remote Server ổn định. Độ trễ (RTT): 84.94 ms
INFO:     127.0.0.1:53231 - "GET / HTTP/1.1" 200 OK
INFO:     127.0.0.1:53231 - "GET /favicon.ico HTTP/1.1" 404 Not Found
02:34:10 [INFO] 🟢 [PING] Kết nối Remote Server ổn định. Độ trễ (RTT): 90.65 ms
INFO:     127.0.0.1:50944 - "GET /config HTTP/1.1" 404 Not Found
INFO:     127.0.0.1:50944 - "GET /config HTTP/1.1" 404 Not Found
02:34:19 [INFO] 🟢 [PING] Kết nối Remote Server ổn định. Độ trễ (RTT): 85.19 ms
WARNING:  StatReload detected changes in 'main.py'. Reloading...
 INFO:     Shutting down
INFO:     Waiting for application shutdown.
02:34:24 [INFO] ⏹️ Local Server đã dừng.
INFO:     Application shutdown complete.
INFO:     Finished server process [12892]
INFO:     Started server process [18240]
INFO:     Waiting for application startup.
02:34:26 [INFO] 🔗 [CONNECTION] Đang kết nối tới Remote Server: wss://b6-remote-server-kaggle-2026.onrender.com/ws/local/karina-pc?token=b6-remote-server-kaggle-2026
INFO:     Application startup complete.
02:34:27 [INFO] ✅ [CONNECTION] Đã kết nối thành công đến Remote Server!
02:34:27 [INFO] 📤 [CONNECTION] Đã gửi bản tin đăng ký (hello) lên Remote Server.
02:34:27 [INFO] 📥 [RECEIVER] Sẵn sàng nhận tin nhắn từ Remote Server...
02:34:27 [INFO] [PING] Khởi động chu kỳ kiểm tra kết nối (Ping): 8000 ms (8.0s)
INFO:     127.0.0.1:65161 - "GET /config HTTP/1.1" 200 OK
INFO:     127.0.0.1:65161 - "GET /api/configs HTTP/1.1" 200 OK
02:34:35 [INFO] 🟢 [PING] Kết nối Remote Server ổn định. Độ trễ (RTT): 77.97 ms
02:34:43 [INFO] 🟢 [PING] Kết nối Remote Server ổn định. Độ trễ (RTT): 79.37 ms
02:34:51 [INFO] 🟢 [PING] Kết nối Remote Server ổn định. Độ trễ (RTT): 80.03 ms
02:34:59 [INFO] 🟢 [PING] Kết nối Remote Server ổn định. Độ trễ (RTT): 85.04 ms
02:35:08 [INFO] 🟢 [PING] Kết nối Remote Server ổn định. Độ trễ (RTT): 80.77 ms
02:35:16 [INFO] 🟢 [PING] Kết nối Remote Server ổn định. Độ trễ (RTT): 84.77 ms
INFO:     Shutting down
INFO:     Waiting for application shutdown.
02:35:16 [INFO] ⏹️ Local Server đã dừng.
INFO:     Application shutdown complete.
INFO:     Finished server process [18240]
INFO:     Stopping reloader process [348]
Terminate batch job (Y/N)? Y

(.venv) D:\D-Jobs\ae-B6\TikTok-Beta\servers\kaggle-client-execution\src\local-server>